<?xml version="1.0" encoding="utf-8"?><testsuites name="pytest tests"><testsuite name="pytest" errors="0" failures="0" skipped="0" tests="19" time="11.046" timestamp="2026-04-15T09:59:12.149474+00:00" hostname="agent-env-5ee13ad3-8de0-4f20-a33b-2b8ed30e19cf"><testcase classname="tests.test_drcrop_api.TestAuth" name="test_01_register_success" time="0.546" /><testcase classname="tests.test_drcrop_api.TestAuth" name="test_02_register_duplicate_email" time="0.138" /><testcase classname="tests.test_drcrop_api.TestAuth" name="test_03_login_success" time="0.360" /><testcase classname="tests.test_drcrop_api.TestAuth" name="test_04_login_invalid_credentials" time="0.360" /><testcase classname="tests.test_drcrop_api.TestCrops" name="test_01_get_all_crops" time="0.133" /><testcase classname="tests.test_drcrop_api.TestCrops" name="test_02_get_crop_by_id" time="0.138" /><testcase classname="tests.test_drcrop_api.TestDiseases" name="test_01_get_all_diseases" time="0.101" /><testcase classname="tests.test_drcrop_api.TestDiseases" name="test_02_get_diseases_by_crop" time="0.102" /><testcase classname="tests.test_drcrop_api.TestDiagnosis" name="test_01_diagnose_plant_with_image" time="7.940" /><testcase classname="tests.test_drcrop_api.TestDiagnosis" name="test_02_get_user_diagnoses" time="0.120" /><testcase classname="tests.test_drcrop_api.TestCommunity" name="test_01_create_post" time="0.108" /><testcase classname="tests.test_drcrop_api.TestCommunity" name="test_02_get_all_posts" time="0.102" /><testcase classname="tests.test_drcrop_api.TestCommunity" name="test_03_like_post" time="0.145" /><testcase classname="tests.test_drcrop_api.TestCommunity" name="test_04_create_reply" time="0.118" /><testcase classname="tests.test_drcrop_api.TestCommunity" name="test_05_get_post_replies" time="0.109" /><testcase classname="tests.test_drcrop_api.TestWeather" name="test_01_get_weather" time="0.118" /><testcase classname="tests.test_drcrop_api.TestFertilizer" name="test_01_calculate_fertilizer" time="0.101" /><testcase classname="tests.test_drcrop_api.TestAlerts" name="test_01_get_alerts" time="0.104" /><testcase classname="tests.test_drcrop_api.TestAlerts" name="test_02_get_alerts_by_location" time="0.130" /></testsuite></testsuites>